<?xml version="1.0" encoding="UTF-8"?>
<!-- Generated by org.testng.reporters.JUnitReportReporter -->
<testsuite hostname="LAPTOP-4328LLVK" failures="0" tests="1" name="testPackage.TestInvalidLogin" time="17.977" errors="0" timestamp="2023-04-03T23:34:29 IST" skipped="0">
  <testcase classname="testPackage.TestInvalidLogin" name="invalidLogin" time="17.977"/>
  <system-out/>
</testsuite> <!-- testPackage.TestInvalidLogin -->
