<?xml version="1.0" encoding="UTF-8"?>
<!-- Generated by org.testng.reporters.JUnitReportReporter -->
<testsuite hostname="LAPTOP-4328LLVK" failures="0" tests="1" name="testPackage.TestValidLogin" time="1.765" errors="0" timestamp="2023-04-03T23:34:29 IST" skipped="0">
  <testcase classname="testPackage.TestValidLogin" name="validLogin" time="1.765"/>
  <system-out/>
</testsuite> <!-- testPackage.TestValidLogin -->
